<?xml version="1.0" encoding="UTF-8"?>
<!-- Generated by org.testng.reporters.JUnitXMLReporter -->
<testsuite ignored="0" hostname="Ankit" failures="2" tests="3" name="BankinApplication" time="20.997" errors="0" timestamp="2022-12-30T19:02:52 IST">
  <testcase classname="com.banking.testCases.Tc_login_DDT_001" name="logInDdt" time="4.648"/>
  <testcase classname="com.banking.testCases.Tc_login_DDT_001" name="logInDdt" time="3.429">
    <failure type="java.lang.AssertionError" message="expected [true] but found [false]">
      <![CDATA[java.lang.AssertionError: expected [true] but found [false]
at com.banking.testCases.Tc_login_DDT_001.logInDdt(Tc_login_DDT_001.java:41)
at java.base/java.util.ArrayList.forEach(ArrayList.java:1511)
... Removed 29 stack frames]]>
    </failure>
  </testcase> <!-- logInDdt -->
  <testcase classname="com.banking.testCases.Tc_login_DDT_001" name="logInDdt" time="3.748">
    <failure type="java.lang.AssertionError" message="expected [true] but found [false]">
      <![CDATA[java.lang.AssertionError: expected [true] but found [false]
at com.banking.testCases.Tc_login_DDT_001.logInDdt(Tc_login_DDT_001.java:41)
at java.base/java.util.ArrayList.forEach(ArrayList.java:1511)
... Removed 29 stack frames]]>
    </failure>
  </testcase> <!-- logInDdt -->
</testsuite> <!-- BankinApplication -->
